2016-11-08 10:08:03.792+0000 INFO  [o.n.k.i.f.CommunityFacadeFactory] No locking implementation specified, defaulting to 'community'
2016-11-08 10:08:04.053+0000 INFO  [o.n.k.AvailabilityGuard] Requirement makes database unavailable: Database available
2016-11-08 10:08:04.129+0000 INFO  [o.n.k.i.DiagnosticsManager] --- INITIALIZED diagnostics START ---
2016-11-08 10:08:04.130+0000 INFO  [o.n.k.i.DiagnosticsManager] Neo4j Kernel properties:
2016-11-08 10:08:04.130+0000 INFO  [o.n.k.i.DiagnosticsManager] unsupported.dbms.edition=community
2016-11-08 10:08:04.131+0000 INFO  [o.n.k.i.DiagnosticsManager] unsupported.dbms.directories.neo4j_home=C:\Users\santo\Documents\GitHub\orientdb-neo4j-importer\neo4jdbs\databases\graphdb_empty_db
2016-11-08 10:08:04.131+0000 INFO  [o.n.k.i.DiagnosticsManager] unsupported.dbms.ephemeral=false
2016-11-08 10:08:04.132+0000 INFO  [o.n.k.i.DiagnosticsManager] Diagnostics providers:
2016-11-08 10:08:04.132+0000 INFO  [o.n.k.i.DiagnosticsManager] org.neo4j.kernel.configuration.Config
2016-11-08 10:08:04.132+0000 INFO  [o.n.k.i.DiagnosticsManager] org.neo4j.kernel.info.DiagnosticsManager
2016-11-08 10:08:04.132+0000 INFO  [o.n.k.i.DiagnosticsManager] SYSTEM_MEMORY
2016-11-08 10:08:04.132+0000 INFO  [o.n.k.i.DiagnosticsManager] JAVA_MEMORY
2016-11-08 10:08:04.132+0000 INFO  [o.n.k.i.DiagnosticsManager] OPERATING_SYSTEM
2016-11-08 10:08:04.133+0000 INFO  [o.n.k.i.DiagnosticsManager] JAVA_VIRTUAL_MACHINE
2016-11-08 10:08:04.133+0000 INFO  [o.n.k.i.DiagnosticsManager] CLASSPATH
2016-11-08 10:08:04.133+0000 INFO  [o.n.k.i.DiagnosticsManager] LIBRARY_PATH
2016-11-08 10:08:04.133+0000 INFO  [o.n.k.i.DiagnosticsManager] SYSTEM_PROPERTIES
2016-11-08 10:08:04.133+0000 INFO  [o.n.k.i.DiagnosticsManager] NETWORK
2016-11-08 10:08:04.133+0000 INFO  [o.n.k.i.DiagnosticsManager] System memory information:
2016-11-08 10:08:04.139+0000 INFO  [o.n.k.i.DiagnosticsManager] Total Physical memory: 3,88 GB
2016-11-08 10:08:04.140+0000 INFO  [o.n.k.i.DiagnosticsManager] Free Physical memory: 704,33 MB
2016-11-08 10:08:04.141+0000 INFO  [o.n.k.i.DiagnosticsManager] Committed virtual memory: 163,67 MB
2016-11-08 10:08:04.141+0000 INFO  [o.n.k.i.DiagnosticsManager] Total swap space: 9,88 GB
2016-11-08 10:08:04.142+0000 INFO  [o.n.k.i.DiagnosticsManager] Free swap space: 2,32 GB
2016-11-08 10:08:04.142+0000 INFO  [o.n.k.i.DiagnosticsManager] JVM memory information:
2016-11-08 10:08:04.143+0000 INFO  [o.n.k.i.DiagnosticsManager] Free  memory: 34,76 MB
2016-11-08 10:08:04.143+0000 INFO  [o.n.k.i.DiagnosticsManager] Total memory: 61,50 MB
2016-11-08 10:08:04.144+0000 INFO  [o.n.k.i.DiagnosticsManager] Max   memory: 885,50 MB
2016-11-08 10:08:04.148+0000 INFO  [o.n.k.i.DiagnosticsManager] Garbage Collector: PS Scavenge: [PS Eden Space, PS Survivor Space]
2016-11-08 10:08:04.148+0000 INFO  [o.n.k.i.DiagnosticsManager] Garbage Collector: PS MarkSweep: [PS Eden Space, PS Survivor Space, PS Old Gen]
2016-11-08 10:08:04.150+0000 INFO  [o.n.k.i.DiagnosticsManager] Memory Pool: Code Cache (Non-heap memory): committed=3,31 MB, used=3,30 MB, max=240,00 MB, threshold=0,00 B
2016-11-08 10:08:04.151+0000 INFO  [o.n.k.i.DiagnosticsManager] Memory Pool: Metaspace (Non-heap memory): committed=10,38 MB, used=9,84 MB, max=-1,00 B, threshold=0,00 B
2016-11-08 10:08:04.153+0000 INFO  [o.n.k.i.DiagnosticsManager] Memory Pool: Compressed Class Space (Non-heap memory): committed=1,38 MB, used=1,25 MB, max=1,00 GB, threshold=0,00 B
2016-11-08 10:08:04.153+0000 INFO  [o.n.k.i.DiagnosticsManager] Memory Pool: PS Eden Space (Heap memory): committed=16,00 MB, used=14,22 MB, max=327,00 MB, threshold=?
2016-11-08 10:08:04.154+0000 INFO  [o.n.k.i.DiagnosticsManager] Memory Pool: PS Survivor Space (Heap memory): committed=2,50 MB, used=2,50 MB, max=2,50 MB, threshold=?
2016-11-08 10:08:04.155+0000 INFO  [o.n.k.i.DiagnosticsManager] Memory Pool: PS Old Gen (Heap memory): committed=43,00 MB, used=10,02 MB, max=664,00 MB, threshold=0,00 B
2016-11-08 10:08:04.155+0000 INFO  [o.n.k.i.DiagnosticsManager] Operating system information:
2016-11-08 10:08:04.157+0000 INFO  [o.n.k.i.DiagnosticsManager] Operating System: Windows 10; version: 10.0; arch: amd64; cpus: 4
2016-11-08 10:08:04.180+0000 INFO  [o.n.k.i.DiagnosticsManager] Process id: 10064@DESKTOP-6MB90NR
2016-11-08 10:08:04.180+0000 INFO  [o.n.k.i.DiagnosticsManager] Byte order: LITTLE_ENDIAN
2016-11-08 10:08:04.181+0000 INFO  [o.n.k.i.DiagnosticsManager] Local timezone: Europe/Berlin
2016-11-08 10:08:04.181+0000 INFO  [o.n.k.i.DiagnosticsManager] JVM information:
2016-11-08 10:08:04.181+0000 INFO  [o.n.k.i.DiagnosticsManager] VM Name: Java HotSpot(TM) 64-Bit Server VM
2016-11-08 10:08:04.181+0000 INFO  [o.n.k.i.DiagnosticsManager] VM Vendor: Oracle Corporation
2016-11-08 10:08:04.181+0000 INFO  [o.n.k.i.DiagnosticsManager] VM Version: 25.112-b15
2016-11-08 10:08:04.182+0000 INFO  [o.n.k.i.DiagnosticsManager] JIT compiler: HotSpot 64-Bit Tiered Compilers
2016-11-08 10:08:04.183+0000 INFO  [o.n.k.i.DiagnosticsManager] VM Arguments: [-XX:MaxDirectMemorySize=2g, -Djava.util.logging.config.file=D:\orientdb\orientdb-community-2.2.12\config\orientdb-neo4j-importer-log.properties]
2016-11-08 10:08:04.183+0000 INFO  [o.n.k.i.DiagnosticsManager] Java classpath:
2016-11-08 10:08:04.195+0000 INFO  [o.n.k.i.DiagnosticsManager]  [classpath + loader.0] file:/D:/neo4j/neo4j-community-3.0.6/lib/lucene-codecs-5.5.0.jar
2016-11-08 10:08:04.195+0000 INFO  [o.n.k.i.DiagnosticsManager]  [classpath + loader.0] file:/D:/neo4j/neo4j-community-3.0.6/lib/neo4j-jmx-3.0.6.jar
2016-11-08 10:08:04.195+0000 INFO  [o.n.k.i.DiagnosticsManager]  [classpath + loader.0] file:/D:/orientdb/orientdb-community-2.2.12/lib/lucene-core-5.3.2.jar
2016-11-08 10:08:04.195+0000 INFO  [o.n.k.i.DiagnosticsManager]  [loader.1] file:/C:/Program%20Files/Java/jdk1.8.0_112/jre/lib/ext/sunjce_provider.jar
2016-11-08 10:08:04.195+0000 INFO  [o.n.k.i.DiagnosticsManager]  [loader.1] file:/C:/Program%20Files/Java/jdk1.8.0_112/jre/lib/ext/localedata.jar
2016-11-08 10:08:04.195+0000 INFO  [o.n.k.i.DiagnosticsManager]  [classpath + loader.0] file:/D:/neo4j/neo4j-community-3.0.6/lib/neo4j-primitive-collections-3.0.6.jar
2016-11-08 10:08:04.195+0000 INFO  [o.n.k.i.DiagnosticsManager]  [classpath + loader.0] file:/D:/neo4j/neo4j-community-3.0.6/lib/scala-library-2.11.8.jar
2016-11-08 10:08:04.195+0000 INFO  [o.n.k.i.DiagnosticsManager]  [classpath + loader.0] file:/D:/neo4j/neo4j-community-3.0.6/lib/neo4j-cypher-compiler-2.3-2.3.7.jar
2016-11-08 10:08:04.195+0000 INFO  [o.n.k.i.DiagnosticsManager]  [classpath + loader.0] file:/D:/orientdb/orientdb-community-2.2.12/lib/asm-analysis-3.2.jar
2016-11-08 10:08:04.196+0000 INFO  [o.n.k.i.DiagnosticsManager]  [classpath + loader.0] file:/D:/orientdb/orientdb-community-2.2.12/lib/jackson-mapper-asl-1.9.2.jar
2016-11-08 10:08:04.196+0000 INFO  [o.n.k.i.DiagnosticsManager]  [classpath + loader.0] file:/D:/orientdb/orientdb-community-2.2.12/lib/commons-beanutils-1.7.0.jar
2016-11-08 10:08:04.196+0000 INFO  [o.n.k.i.DiagnosticsManager]  [classpath + loader.0] file:/D:/orientdb/orientdb-community-2.2.12/lib/commons-lang-2.4.jar
2016-11-08 10:08:04.196+0000 INFO  [o.n.k.i.DiagnosticsManager]  [classpath + loader.0] file:/D:/orientdb/orientdb-community-2.2.12/lib/concurrentlinkedhashmap-lru-1.4.1.jar
2016-11-08 10:08:04.196+0000 INFO  [o.n.k.i.DiagnosticsManager]  [classpath + loader.0] file:/D:/orientdb/orientdb-community-2.2.12/lib/javassist-3.16.1-GA.jar
2016-11-08 10:08:04.196+0000 INFO  [o.n.k.i.DiagnosticsManager]  [classpath + loader.0] file:/D:/orientdb/orientdb-community-2.2.12/lib/jersey-core-1.17.jar
2016-11-08 10:08:04.196+0000 INFO  [o.n.k.i.DiagnosticsManager]  [classpath + loader.0] file:/D:/neo4j/neo4j-community-3.0.6/lib/neo4j-shell-3.0.6.jar
2016-11-08 10:08:04.197+0000 INFO  [o.n.k.i.DiagnosticsManager]  [loader.1] file:/C:/Program%20Files/Java/jdk1.8.0_112/jre/lib/ext/cldrdata.jar
2016-11-08 10:08:04.197+0000 INFO  [o.n.k.i.DiagnosticsManager]  [classpath + loader.0] file:/D:/orientdb/orientdb-community-2.2.12/lib/orientdb-client-2.2.12.jar
2016-11-08 10:08:04.197+0000 INFO  [o.n.k.i.DiagnosticsManager]  [classpath + loader.0] file:/D:/orientdb/orientdb-community-2.2.12/lib/activation-1.1.jar
2016-11-08 10:08:04.197+0000 INFO  [o.n.k.i.DiagnosticsManager]  [classpath + loader.0] file:/D:/orientdb/orientdb-community-2.2.12/lib/blueprints-core-2.6.0.jar
2016-11-08 10:08:04.198+0000 INFO  [o.n.k.i.DiagnosticsManager]  [classpath + loader.0] file:/D:/orientdb/orientdb-community-2.2.12/lib/antlr-2.7.7.jar
2016-11-08 10:08:04.198+0000 INFO  [o.n.k.i.DiagnosticsManager]  [classpath + loader.0] file:/D:/neo4j/neo4j-community-3.0.6/lib/geoff-0.5.0.jar
2016-11-08 10:08:04.198+0000 INFO  [o.n.k.i.DiagnosticsManager]  [classpath + loader.0] file:/D:/orientdb/orientdb-community-2.2.12/lib/jline-0.9.94.jar
2016-11-08 10:08:04.199+0000 INFO  [o.n.k.i.DiagnosticsManager]  [classpath + loader.0] file:/D:/neo4j/neo4j-community-3.0.6/lib/parboiled-core-1.1.7.jar
2016-11-08 10:08:04.199+0000 INFO  [o.n.k.i.DiagnosticsManager]  [classpath + loader.0] file:/D:/neo4j/neo4j-community-3.0.6/lib/neo4j-server-3.0.6.jar
2016-11-08 10:08:04.199+0000 INFO  [o.n.k.i.DiagnosticsManager]  [classpath + loader.0] file:/D:/orientdb/orientdb-community-2.2.12/lib/lucene-queries-5.3.2.jar
2016-11-08 10:08:04.199+0000 INFO  [o.n.k.i.DiagnosticsManager]  [classpath + loader.0] file:/D:/neo4j/neo4j-community-3.0.6/lib/jackson-mapper-asl-1.9.13.jar
2016-11-08 10:08:04.199+0000 INFO  [o.n.k.i.DiagnosticsManager]  [bootstrap] C:\Program Files\Java\jdk1.8.0_112\jre\lib\sunrsasign.jar
2016-11-08 10:08:04.199+0000 INFO  [o.n.k.i.DiagnosticsManager]  [classpath + loader.0] file:/D:/neo4j/neo4j-community-3.0.6/lib/neo4j-common-3.0.6.jar
2016-11-08 10:08:04.199+0000 INFO  [o.n.k.i.DiagnosticsManager]  [classpath + loader.0] file:/D:/neo4j/neo4j-community-3.0.6/lib/asm-5.0.2.jar
2016-11-08 10:08:04.199+0000 INFO  [o.n.k.i.DiagnosticsManager]  [classpath + loader.0] file:/D:/neo4j/neo4j-community-3.0.6/lib/jetty-xml-9.2.9.v20150224.jar
2016-11-08 10:08:04.199+0000 INFO  [o.n.k.i.DiagnosticsManager]  [classpath + loader.0] file:/D:/neo4j/neo4j-community-3.0.6/lib/jetty-server-9.2.9.v20150224.jar
2016-11-08 10:08:04.200+0000 INFO  [o.n.k.i.DiagnosticsManager]  [classpath + loader.0] file:/D:/neo4j/neo4j-community-3.0.6/lib/rhino-1.7R4.jar
2016-11-08 10:08:04.200+0000 INFO  [o.n.k.i.DiagnosticsManager]  [classpath + loader.0] file:/D:/orientdb/orientdb-community-2.2.12/lib/jackson-core-2.6.0.jar
2016-11-08 10:08:04.200+0000 INFO  [o.n.k.i.DiagnosticsManager]  [classpath + loader.0] file:/D:/neo4j/neo4j-community-3.0.6/lib/jackson-core-asl-1.9.13.jar
2016-11-08 10:08:04.200+0000 INFO  [o.n.k.i.DiagnosticsManager]  [classpath + loader.0] file:/D:/neo4j/neo4j-community-3.0.6/lib/commons-digester-2.1.jar
2016-11-08 10:08:04.200+0000 INFO  [o.n.k.i.DiagnosticsManager]  [classpath + loader.0] file:/D:/neo4j/neo4j-community-3.0.6/lib/commons-beanutils-1.8.3.jar
2016-11-08 10:08:04.200+0000 INFO  [o.n.k.i.DiagnosticsManager]  [loader.1] file:/C:/Program%20Files/Java/jdk1.8.0_112/jre/lib/ext/jfxrt.jar
2016-11-08 10:08:04.200+0000 INFO  [o.n.k.i.DiagnosticsManager]  [classpath + loader.0] file:/D:/neo4j/neo4j-community-3.0.6/lib/neo4j-graph-algo-3.0.6.jar
2016-11-08 10:08:04.200+0000 INFO  [o.n.k.i.DiagnosticsManager]  [classpath + loader.0] file:/D:/orientdb/orientdb-community-2.2.12/lib/pipes-2.6.0.jar
2016-11-08 10:08:04.200+0000 INFO  [o.n.k.i.DiagnosticsManager]  [loader.1] file:/C:/Program%20Files/Java/jdk1.8.0_112/jre/lib/ext/sunmscapi.jar
2016-11-08 10:08:04.201+0000 INFO  [o.n.k.i.DiagnosticsManager]  [bootstrap] C:\Program Files\Java\jdk1.8.0_112\jre\lib\jfr.jar
2016-11-08 10:08:04.201+0000 INFO  [o.n.k.i.DiagnosticsManager]  [classpath + loader.0] file:/D:/neo4j/neo4j-community-3.0.6/lib/neo4j-cypher-3.0.6.jar
2016-11-08 10:08:04.201+0000 INFO  [o.n.k.i.DiagnosticsManager]  [classpath + loader.0] file:/D:/neo4j/neo4j-community-3.0.6/lib/bcpkix-jdk15on-1.53.jar
2016-11-08 10:08:04.201+0000 INFO  [o.n.k.i.DiagnosticsManager]  [classpath + loader.0] file:/D:/neo4j/neo4j-community-3.0.6/lib/neo4j-consistency-check-3.0.6.jar
2016-11-08 10:08:04.201+0000 INFO  [o.n.k.i.DiagnosticsManager]  [classpath + loader.0] file:/D:/neo4j/neo4j-community-3.0.6/lib/jetty-security-9.2.9.v20150224.jar
2016-11-08 10:08:04.201+0000 INFO  [o.n.k.i.DiagnosticsManager]  [classpath + loader.0] file:/D:/orientdb/orientdb-community-2.2.12/lib/orientdb-object-2.2.12.jar
2016-11-08 10:08:04.201+0000 INFO  [o.n.k.i.DiagnosticsManager]  [classpath + loader.0] file:/D:/orientdb/orientdb-community-2.2.12/lib/hibernate-jpa-2.0-api-1.0.0.Final.jar
2016-11-08 10:08:04.201+0000 INFO  [o.n.k.i.DiagnosticsManager]  [loader.1] file:/C:/Program%20Files/Java/jdk1.8.0_112/jre/lib/ext/sunec.jar
2016-11-08 10:08:04.201+0000 INFO  [o.n.k.i.DiagnosticsManager]  [classpath + loader.0] file:/D:/orientdb/orientdb-community-2.2.12/lib/lucene-queryparser-5.3.2.jar
2016-11-08 10:08:04.202+0000 INFO  [o.n.k.i.DiagnosticsManager]  [classpath + loader.0] file:/D:/orientdb/orientdb-community-2.2.12/lib/jersey-json-1.17.jar
2016-11-08 10:08:04.202+0000 INFO  [o.n.k.i.DiagnosticsManager]  [classpath + loader.0] file:/D:/neo4j/neo4j-community-3.0.6/lib/neo4j-dbms-3.0.6.jar
2016-11-08 10:08:04.202+0000 INFO  [o.n.k.i.DiagnosticsManager]  [classpath + loader.0] file:/D:/neo4j/neo4j-community-3.0.6/lib/neo4j-lucene-index-3.0.6.jar
2016-11-08 10:08:04.202+0000 INFO  [o.n.k.i.DiagnosticsManager]  [classpath + loader.0] file:/D:/neo4j/neo4j-community-3.0.6/lib/commons-lang-2.6.jar
2016-11-08 10:08:04.202+0000 INFO  [o.n.k.i.DiagnosticsManager]  [classpath + loader.0] file:/D:/orientdb/orientdb-community-2.2.12/lib/jackson-xc-1.9.2.jar
2016-11-08 10:08:04.202+0000 INFO  [o.n.k.i.DiagnosticsManager]  [classpath + loader.0] file:/D:/orientdb/orientdb-community-2.2.12/lib/gremlin-java-2.6.0.jar
2016-11-08 10:08:04.202+0000 INFO  [o.n.k.i.DiagnosticsManager]  [classpath + loader.0] file:/D:/neo4j/neo4j-community-3.0.6/lib/bcprov-jdk15on-1.53.jar
2016-11-08 10:08:04.202+0000 INFO  [o.n.k.i.DiagnosticsManager]  [classpath + loader.0] file:/D:/orientdb/orientdb-community-2.2.12/lib/hazelcast-3.6.5.jar
2016-11-08 10:08:04.202+0000 INFO  [o.n.k.i.DiagnosticsManager]  [bootstrap] C:\Program Files\Java\jdk1.8.0_112\jre\lib\jsse.jar
2016-11-08 10:08:04.202+0000 INFO  [o.n.k.i.DiagnosticsManager]  [classpath + loader.0] file:/D:/neo4j/neo4j-community-3.0.6/lib/javax.servlet-api-3.1.0.jar
2016-11-08 10:08:04.203+0000 INFO  [o.n.k.i.DiagnosticsManager]  [classpath + loader.0] file:/D:/neo4j/neo4j-community-3.0.6/lib/neo4j-codegen-3.0.6.jar
2016-11-08 10:08:04.203+0000 INFO  [o.n.k.i.DiagnosticsManager]  [classpath + loader.0] file:/D:/orientdb/orientdb-community-2.2.12/lib/hppc-0.6.0.jar
2016-11-08 10:08:04.203+0000 INFO  [o.n.k.i.DiagnosticsManager]  [classpath + loader.0] file:/D:/neo4j/neo4j-community-3.0.6/lib/jetty-webapp-9.2.9.v20150224.jar
2016-11-08 10:08:04.203+0000 INFO  [o.n.k.i.DiagnosticsManager]  [classpath + loader.0] file:/D:/neo4j/neo4j-community-3.0.6/lib/neo4j-security-3.0.6.jar
2016-11-08 10:08:04.203+0000 INFO  [o.n.k.i.DiagnosticsManager]  [classpath + loader.0] file:/D:/neo4j/neo4j-community-3.0.6/lib/neo4j-unsafe-3.0.6.jar
2016-11-08 10:08:04.203+0000 INFO  [o.n.k.i.DiagnosticsManager]  [classpath + loader.0] file:/D:/orientdb/orientdb-community-2.2.12/lib/orientdb-tools-2.2.12.jar
2016-11-08 10:08:04.203+0000 INFO  [o.n.k.i.DiagnosticsManager]  [classpath + loader.0] file:/D:/neo4j/neo4j-community-3.0.6/lib/neo4j-cypher-frontend-3.0-3.0.6.jar
2016-11-08 10:08:04.203+0000 INFO  [o.n.k.i.DiagnosticsManager]  [classpath + loader.0] file:/D:/neo4j/neo4j-community-3.0.6/lib/jetty-util-9.2.9.v20150224.jar
2016-11-08 10:08:04.203+0000 INFO  [o.n.k.i.DiagnosticsManager]  [classpath + loader.0] file:/D:/neo4j/neo4j-community-3.0.6/lib/jetty-io-9.2.9.v20150224.jar
2016-11-08 10:08:04.204+0000 INFO  [o.n.k.i.DiagnosticsManager]  [classpath + loader.0] file:/D:/neo4j/neo4j-community-3.0.6/lib/netty-all-4.0.28.Final.jar
2016-11-08 10:08:04.204+0000 INFO  [o.n.k.i.DiagnosticsManager]  [classpath + loader.0] file:/D:/orientdb/orientdb-community-2.2.12/lib/log4j-1.2.16.jar
2016-11-08 10:08:04.204+0000 INFO  [o.n.k.i.DiagnosticsManager]  [classpath + loader.0] file:/D:/orientdb/orientdb-community-2.2.12/lib/lucene-analyzers-common-5.3.2.jar
2016-11-08 10:08:04.204+0000 INFO  [o.n.k.i.DiagnosticsManager]  [classpath + loader.0] file:/D:/orientdb/orientdb-community-2.2.12/lib/orientdb-neo4j-importer-2.2.12-SNAPSHOT.jar
2016-11-08 10:08:04.204+0000 INFO  [o.n.k.i.DiagnosticsManager]  [classpath + loader.0] file:/D:/orientdb/orientdb-community-2.2.12/lib/orientdb-etl-2.2.12.jar
2016-11-08 10:08:04.204+0000 INFO  [o.n.k.i.DiagnosticsManager]  [classpath + loader.0] file:/D:/orientdb/orientdb-community-2.2.12/lib/lucene-suggest-5.3.2.jar
2016-11-08 10:08:04.204+0000 INFO  [o.n.k.i.DiagnosticsManager]  [classpath + loader.0] file:/D:/neo4j/neo4j-community-3.0.6/lib/parboiled-scala_2.11-1.1.7.jar
2016-11-08 10:08:04.205+0000 INFO  [o.n.k.i.DiagnosticsManager]  [classpath + loader.0] file:/D:/orientdb/orientdb-community-2.2.12/lib/groovy-1.8.9.jar
2016-11-08 10:08:04.205+0000 INFO  [o.n.k.i.DiagnosticsManager]  [classpath + loader.0] file:/D:/orientdb/orientdb-community-2.2.12/lib/orientdb-jdbc-2.2.12.jar
2016-11-08 10:08:04.205+0000 INFO  [o.n.k.i.DiagnosticsManager]  [classpath + loader.0] file:/D:/orientdb/orientdb-community-2.2.12/lib/lucene-backward-codecs-5.3.2.jar
2016-11-08 10:08:04.205+0000 INFO  [o.n.k.i.DiagnosticsManager]  [bootstrap] C:\Program Files\Java\jdk1.8.0_112\jre\lib\rt.jar
2016-11-08 10:08:04.205+0000 INFO  [o.n.k.i.DiagnosticsManager]  [classpath + loader.0] file:/D:/orientdb/orientdb-community-2.2.12/lib/commons-configuration-1.6.jar
2016-11-08 10:08:04.205+0000 INFO  [o.n.k.i.DiagnosticsManager]  [loader.1] file:/C:/Program%20Files/Java/jdk1.8.0_112/jre/lib/ext/sunpkcs11.jar
2016-11-08 10:08:04.206+0000 INFO  [o.n.k.i.DiagnosticsManager]  [classpath + loader.0] file:/D:/orientdb/orientdb-community-2.2.12/lib/orientdb-graphdb-2.2.12.jar
2016-11-08 10:08:04.206+0000 INFO  [o.n.k.i.DiagnosticsManager]  [classpath + loader.0] file:/D:/orientdb/orientdb-community-2.2.12/lib/asm-3.2.jar
2016-11-08 10:08:04.206+0000 INFO  [o.n.k.i.DiagnosticsManager]  [classpath + loader.0] file:/D:/orientdb/orientdb-community-2.2.12/lib/jaxb-api-2.2.2.jar
2016-11-08 10:08:04.206+0000 INFO  [o.n.k.i.DiagnosticsManager]  [classpath + loader.0] file:/D:/orientdb/orientdb-community-2.2.12/lib/lucene-misc-5.3.2.jar
2016-11-08 10:08:04.206+0000 INFO  [o.n.k.i.DiagnosticsManager]  [classpath + loader.0] file:/D:/orientdb/orientdb-community-2.2.12/lib/commons-beanutils-core-1.8.0.jar
2016-11-08 10:08:04.206+0000 INFO  [o.n.k.i.DiagnosticsManager]  [classpath + loader.0] file:/D:/neo4j/neo4j-community-3.0.6/lib/jersey-multipart-1.19.jar
2016-11-08 10:08:04.206+0000 INFO  [o.n.k.i.DiagnosticsManager]  [bootstrap] C:\Program Files\Java\jdk1.8.0_112\jre\lib\charsets.jar
2016-11-08 10:08:04.206+0000 INFO  [o.n.k.i.DiagnosticsManager]  [classpath + loader.0] file:/D:/orientdb/orientdb-community-2.2.12/lib/jaxb-impl-2.2.3-1.jar
2016-11-08 10:08:04.206+0000 INFO  [o.n.k.i.DiagnosticsManager]  [classpath + loader.0] file:/D:/neo4j/neo4j-community-3.0.6/lib/lucene-analyzers-common-5.5.0.jar
2016-11-08 10:08:04.207+0000 INFO  [o.n.k.i.DiagnosticsManager]  [classpath + loader.0] file:/D:/orientdb/orientdb-community-2.2.12/lib/orientdb-server-2.2.12.jar
2016-11-08 10:08:04.207+0000 INFO  [o.n.k.i.DiagnosticsManager]  [classpath + loader.0] file:/D:/neo4j/neo4j-community-3.0.6/lib/jsr311-api-1.1.2.r612.jar
2016-11-08 10:08:04.207+0000 INFO  [o.n.k.i.DiagnosticsManager]  [classpath + loader.0] file:/D:/neo4j/neo4j-community-3.0.6/lib/jetty-http-9.2.9.v20150224.jar
2016-11-08 10:08:04.207+0000 INFO  [o.n.k.i.DiagnosticsManager]  [classpath + loader.0] file:/D:/neo4j/neo4j-community-3.0.6/lib/opencsv-2.3.jar
2016-11-08 10:08:04.207+0000 INFO  [o.n.k.i.DiagnosticsManager]  [classpath + loader.0] file:/D:/neo4j/neo4j-community-3.0.6/lib/lucene-queryparser-5.5.0.jar
2016-11-08 10:08:04.207+0000 INFO  [o.n.k.i.DiagnosticsManager]  [classpath + loader.0] file:/D:/neo4j/neo4j-community-3.0.6/lib/neo4j-import-tool-3.0.6.jar
2016-11-08 10:08:04.207+0000 INFO  [o.n.k.i.DiagnosticsManager]  [classpath + loader.0] file:/D:/neo4j/neo4j-community-3.0.6/lib/neo4j-lucene-upgrade-3.0.6.jar
2016-11-08 10:08:04.207+0000 INFO  [o.n.k.i.DiagnosticsManager]  [classpath + loader.0] file:/D:/orientdb/orientdb-community-2.2.12/lib/metrics-core-3.0.2.jar
2016-11-08 10:08:04.207+0000 INFO  [o.n.k.i.DiagnosticsManager]  [classpath + loader.0] file:/D:/neo4j/neo4j-community-3.0.6/lib/jersey-core-1.19.jar
2016-11-08 10:08:04.208+0000 INFO  [o.n.k.i.DiagnosticsManager]  [classpath + loader.0] file:/D:/orientdb/orientdb-community-2.2.12/lib/lucene-sandbox-5.3.2.jar
2016-11-08 10:08:04.210+0000 INFO  [o.n.k.i.DiagnosticsManager]  [classpath + loader.0] file:/D:/neo4j/neo4j-community-3.0.6/lib/scala-reflect-2.11.8.jar
2016-11-08 10:08:04.210+0000 INFO  [o.n.k.i.DiagnosticsManager]  [classpath + loader.0] file:/D:/neo4j/neo4j-community-3.0.6/lib/jersey-servlet-1.19.jar
2016-11-08 10:08:04.210+0000 INFO  [o.n.k.i.DiagnosticsManager]  [classpath + loader.0] file:/D:/neo4j/neo4j-community-3.0.6/lib/neo4j-cypher-compiler-3.0-3.0.6.jar
2016-11-08 10:08:04.211+0000 INFO  [o.n.k.i.DiagnosticsManager]  [classpath + loader.0] file:/D:/orientdb/orientdb-community-2.2.12/lib/commons-collections-3.2.2.jar
2016-11-08 10:08:04.211+0000 INFO  [o.n.k.i.DiagnosticsManager]  [classpath + loader.0] file:/D:/orientdb/orientdb-community-2.2.12/lib/hazelcast-cloud-3.6.5.jar
2016-11-08 10:08:04.211+0000 INFO  [o.n.k.i.DiagnosticsManager]  [loader.1] file:/C:/Program%20Files/Java/jdk1.8.0_112/jre/lib/ext/jaccess.jar
2016-11-08 10:08:04.211+0000 INFO  [o.n.k.i.DiagnosticsManager]  [classpath + loader.0] file:/D:/neo4j/neo4j-community-3.0.6/lib/neo4j-resource-3.0.6.jar
2016-11-08 10:08:04.211+0000 INFO  [o.n.k.i.DiagnosticsManager]  [classpath + loader.0] file:/D:/orientdb/orientdb-community-2.2.12/lib/gremlin-groovy-2.6.0.jar
2016-11-08 10:08:04.211+0000 INFO  [o.n.k.i.DiagnosticsManager]  [classpath + loader.0] file:/D:/orientdb/orientdb-community-2.2.12/lib/jackson-core-asl-1.9.2.jar
2016-11-08 10:08:04.211+0000 INFO  [o.n.k.i.DiagnosticsManager]  [classpath + loader.0] file:/D:/orientdb/orientdb-community-2.2.12/lib/orientdb-distributed-2.2.12.jar
2016-11-08 10:08:04.211+0000 INFO  [o.n.k.i.DiagnosticsManager]  [classpath + loader.0] file:/D:/neo4j/neo4j-community-3.0.6/lib/jetty-servlet-9.2.9.v20150224.jar
2016-11-08 10:08:04.211+0000 INFO  [o.n.k.i.DiagnosticsManager]  [classpath + loader.0] file:/D:/neo4j/neo4j-community-3.0.6/lib/neo4j-kernel-3.0.6.jar
2016-11-08 10:08:04.212+0000 INFO  [o.n.k.i.DiagnosticsManager]  [classpath + loader.0] file:/D:/orientdb/orientdb-community-2.2.12/lib/jackson-annotations-2.6.0.jar
2016-11-08 10:08:04.212+0000 INFO  [o.n.k.i.DiagnosticsManager]  [classpath + loader.0] file:/D:/orientdb/orientdb-community-2.2.12/lib/jackson-jaxrs-1.9.2.jar
2016-11-08 10:08:04.212+0000 INFO  [o.n.k.i.DiagnosticsManager]  [classpath + loader.0] file:/D:/orientdb/orientdb-community-2.2.12/lib/jackson-databind-2.6.0.jar
2016-11-08 10:08:04.212+0000 INFO  [o.n.k.i.DiagnosticsManager]  [classpath + loader.0] file:/D:/orientdb/orientdb-community-2.2.12/lib/lucene-facet-5.3.2.jar
2016-11-08 10:08:04.212+0000 INFO  [o.n.k.i.DiagnosticsManager]  [classpath + loader.0] file:/D:/neo4j/neo4j-community-3.0.6/lib/neo4j-browser-1.1.8.jar
2016-11-08 10:08:04.212+0000 INFO  [o.n.k.i.DiagnosticsManager]  [classpath + loader.0] file:/D:/orientdb/orientdb-community-2.2.12/lib/stax-api-1.0-2.jar
2016-11-08 10:08:04.212+0000 INFO  [o.n.k.i.DiagnosticsManager]  [classpath + loader.0] file:/D:/orientdb/orientdb-community-2.2.12/lib/snappy-java-1.1.0.1.jar
2016-11-08 10:08:04.212+0000 INFO  [o.n.k.i.DiagnosticsManager]  [classpath + loader.0] file:/D:/neo4j/neo4j-community-3.0.6/lib/neo4j-collections-3.0.6.jar
2016-11-08 10:08:04.213+0000 INFO  [o.n.k.i.DiagnosticsManager]  [classpath + loader.0] file:/D:/orientdb/orientdb-community-2.2.12/lib/orientdb-core-2.2.12.jar
2016-11-08 10:08:04.213+0000 INFO  [o.n.k.i.DiagnosticsManager]  [classpath + loader.0] file:/D:/neo4j/neo4j-community-3.0.6/lib/neo4j-udc-3.0.6.jar
2016-11-08 10:08:04.213+0000 INFO  [o.n.k.i.DiagnosticsManager]  [classpath + loader.0] file:/D:/orientdb/orientdb-community-2.2.12/lib/jansi-1.5.jar
2016-11-08 10:08:04.213+0000 INFO  [o.n.k.i.DiagnosticsManager]  [classpath + loader.0] file:/D:/neo4j/neo4j-community-3.0.6/lib/jackson-jaxrs-1.9.13.jar
2016-11-08 10:08:04.213+0000 INFO  [o.n.k.i.DiagnosticsManager]  [classpath + loader.0] file:/D:/neo4j/neo4j-community-3.0.6/lib/neo4j-graph-matching-3.0.6.jar
2016-11-08 10:08:04.213+0000 INFO  [o.n.k.i.DiagnosticsManager]  [classpath + loader.0] file:/D:/orientdb/orientdb-community-2.2.12/lib/asm-util-3.2.jar
2016-11-08 10:08:04.213+0000 INFO  [o.n.k.i.DiagnosticsManager]  [classpath + loader.0] file:/D:/neo4j/neo4j-community-3.0.6/lib/neo4j-bolt-3.0.6.jar
2016-11-08 10:08:04.214+0000 INFO  [o.n.k.i.DiagnosticsManager]  [bootstrap] C:\Program Files\Java\jdk1.8.0_112\jre\lib\resources.jar
2016-11-08 10:08:04.214+0000 INFO  [o.n.k.i.DiagnosticsManager]  [classpath + loader.0] file:/D:/neo4j/neo4j-community-3.0.6/lib/neo4j-cypher-frontend-2.3-2.3.7.jar
2016-11-08 10:08:04.214+0000 INFO  [o.n.k.i.DiagnosticsManager]  [classpath + loader.0] file:/D:/neo4j/neo4j-community-3.0.6/lib/server-api-3.0.6.jar
2016-11-08 10:08:04.214+0000 INFO  [o.n.k.i.DiagnosticsManager]  [classpath + loader.0] file:/D:/orientdb/orientdb-community-2.2.12/lib/asm-tree-3.2.jar
2016-11-08 10:08:04.214+0000 INFO  [o.n.k.i.DiagnosticsManager]  [classpath + loader.0] file:/D:/neo4j/neo4j-community-3.0.6/lib/neo4j-command-line-3.0.6.jar
2016-11-08 10:08:04.214+0000 INFO  [o.n.k.i.DiagnosticsManager]  [classpath + loader.0] file:/D:/neo4j/neo4j-community-3.0.6/lib/commons-lang3-3.3.2.jar
2016-11-08 10:08:04.214+0000 INFO  [o.n.k.i.DiagnosticsManager]  [classpath + loader.0] file:/D:/neo4j/neo4j-community-3.0.6/lib/neo4j-io-3.0.6.jar
2016-11-08 10:08:04.214+0000 INFO  [o.n.k.i.DiagnosticsManager]  [classpath + loader.0] file:/D:/orientdb/orientdb-community-2.2.12/lib/mail-1.4.7.jar
2016-11-08 10:08:04.215+0000 INFO  [o.n.k.i.DiagnosticsManager]  [classpath + loader.0] file:/D:/neo4j/neo4j-community-3.0.6/lib/commons-configuration-1.10.jar
2016-11-08 10:08:04.215+0000 INFO  [o.n.k.i.DiagnosticsManager]  [loader.1] file:/C:/Program%20Files/Java/jdk1.8.0_112/jre/lib/ext/zipfs.jar
2016-11-08 10:08:04.215+0000 INFO  [o.n.k.i.DiagnosticsManager]  [classpath + loader.0] file:/D:/neo4j/neo4j-community-3.0.6/lib/mimepull-1.9.3.jar
2016-11-08 10:08:04.215+0000 INFO  [o.n.k.i.DiagnosticsManager]  [classpath + loader.0] file:/D:/orientdb/orientdb-community-2.2.12/lib/orientdb-lucene-2.2.12.jar
2016-11-08 10:08:04.216+0000 INFO  [o.n.k.i.DiagnosticsManager]  [classpath + loader.0] file:/D:/orientdb/orientdb-community-2.2.12/lib/stax-api-1.0.1.jar
2016-11-08 10:08:04.216+0000 INFO  [o.n.k.i.DiagnosticsManager]  [classpath + loader.0] file:/D:/neo4j/neo4j-community-3.0.6/lib/commons-io-2.4.jar
2016-11-08 10:08:04.216+0000 INFO  [o.n.k.i.DiagnosticsManager]  [loader.1] file:/C:/Program%20Files/Java/jdk1.8.0_112/jre/lib/ext/nashorn.jar
2016-11-08 10:08:04.216+0000 INFO  [o.n.k.i.DiagnosticsManager]  [classpath + loader.0] file:/D:/orientdb/orientdb-community-2.2.12/lib/commons-logging-1.1.1.jar
2016-11-08 10:08:04.216+0000 INFO  [o.n.k.i.DiagnosticsManager]  [classpath + loader.0] file:/D:/neo4j/neo4j-community-3.0.6/lib/commons-logging-1.1.1.jar
2016-11-08 10:08:04.217+0000 INFO  [o.n.k.i.DiagnosticsManager]  [classpath + loader.0] file:/D:/neo4j/neo4j-community-3.0.6/lib/neo4j-csv-3.0.6.jar
2016-11-08 10:08:04.217+0000 INFO  [o.n.k.i.DiagnosticsManager]  [classpath + loader.0] file:/D:/orientdb/orientdb-community-2.2.12/lib/asm-commons-3.2.jar
2016-11-08 10:08:04.217+0000 INFO  [o.n.k.i.DiagnosticsManager]  [classpath + loader.0] file:/D:/neo4j/neo4j-community-3.0.6/lib/import-tools-3.0.1.jar
2016-11-08 10:08:04.217+0000 INFO  [o.n.k.i.DiagnosticsManager]  [classpath + loader.0] file:/D:/orientdb/orientdb-community-2.2.12/lib/javax.servlet-api-3.0.1.jar
2016-11-08 10:08:04.217+0000 INFO  [o.n.k.i.DiagnosticsManager]  [classpath + loader.0] file:/D:/neo4j/neo4j-community-3.0.6/lib/jersey-server-1.19.jar
2016-11-08 10:08:04.217+0000 INFO  [o.n.k.i.DiagnosticsManager]  [bootstrap] C:\Program Files\Java\jdk1.8.0_112\jre\classes
2016-11-08 10:08:04.217+0000 INFO  [o.n.k.i.DiagnosticsManager]  [classpath + loader.0] file:/D:/neo4j/neo4j-community-3.0.6/lib/lucene-core-5.5.0.jar
2016-11-08 10:08:04.217+0000 INFO  [o.n.k.i.DiagnosticsManager]  [bootstrap] C:\Program Files\Java\jdk1.8.0_112\jre\lib\jce.jar
2016-11-08 10:08:04.218+0000 INFO  [o.n.k.i.DiagnosticsManager]  [classpath + loader.0] file:/D:/neo4j/neo4j-community-3.0.6/lib/neo4j-graphdb-api-3.0.6.jar
2016-11-08 10:08:04.218+0000 INFO  [o.n.k.i.DiagnosticsManager]  [classpath + loader.0] file:/D:/orientdb/orientdb-community-2.2.12/lib/rexster-core-2.6.0.jar
2016-11-08 10:08:04.218+0000 INFO  [o.n.k.i.DiagnosticsManager]  [loader.1] file:/C:/Program%20Files/Java/jdk1.8.0_112/jre/lib/ext/access-bridge-64.jar
2016-11-08 10:08:04.218+0000 INFO  [o.n.k.i.DiagnosticsManager]  [classpath + loader.0] file:/D:/neo4j/neo4j-community-3.0.6/lib/concurrentlinkedhashmap-lru-1.4.2.jar
2016-11-08 10:08:04.218+0000 INFO  [o.n.k.i.DiagnosticsManager]  [classpath + loader.0] file:/D:/neo4j/neo4j-community-3.0.6/lib/jline-2.12.jar
2016-11-08 10:08:04.218+0000 INFO  [o.n.k.i.DiagnosticsManager]  [classpath + loader.0] file:/D:/orientdb/orientdb-community-2.2.12/lib/lucene-memory-5.3.2.jar
2016-11-08 10:08:04.218+0000 INFO  [o.n.k.i.DiagnosticsManager]  [classpath + loader.0] file:/D:/neo4j/neo4j-community-3.0.6/lib/neo4j-logging-3.0.6.jar
2016-11-08 10:08:04.218+0000 INFO  [o.n.k.i.DiagnosticsManager]  [loader.1] file:/C:/Program%20Files/Java/jdk1.8.0_112/jre/lib/ext/dnsns.jar
2016-11-08 10:08:04.218+0000 INFO  [o.n.k.i.DiagnosticsManager]  [classpath + loader.0] file:/D:/orientdb/orientdb-community-2.2.12/lib/commons-digester-1.8.jar
2016-11-08 10:08:04.220+0000 INFO  [o.n.k.i.DiagnosticsManager]  [classpath + loader.0] file:/D:/neo4j/neo4j-community-3.0.6/lib/mapdb-0.9.3.jar
2016-11-08 10:08:04.220+0000 INFO  [o.n.k.i.DiagnosticsManager]  [classpath + loader.0] file:/D:/orientdb/orientdb-community-2.2.12/lib/jettison-1.3.3.jar
2016-11-08 10:08:04.220+0000 INFO  [o.n.k.i.DiagnosticsManager] Library path:
2016-11-08 10:08:04.222+0000 INFO  [o.n.k.i.DiagnosticsManager] C:\Program Files\Java\jdk1.8.0_112\bin
2016-11-08 10:08:04.222+0000 INFO  [o.n.k.i.DiagnosticsManager] C:\Windows\Sun\Java\bin
2016-11-08 10:08:04.223+0000 INFO  [o.n.k.i.DiagnosticsManager] C:\Windows\System32
2016-11-08 10:08:04.227+0000 INFO  [o.n.k.i.DiagnosticsManager] C:\Windows
2016-11-08 10:08:04.228+0000 INFO  [o.n.k.i.DiagnosticsManager] C:\ProgramData\Oracle\Java\javapath
2016-11-08 10:08:04.229+0000 INFO  [o.n.k.i.DiagnosticsManager] C:\Program Files (x86)\Intel\TXE Components\TCS
2016-11-08 10:08:04.230+0000 INFO  [o.n.k.i.DiagnosticsManager] C:\Program Files\Intel\TXE Components\TCS
2016-11-08 10:08:04.230+0000 INFO  [o.n.k.i.DiagnosticsManager] C:\Windows\System32
2016-11-08 10:08:04.230+0000 INFO  [o.n.k.i.DiagnosticsManager] C:\Windows
2016-11-08 10:08:04.231+0000 INFO  [o.n.k.i.DiagnosticsManager] C:\Windows\System32\wbem
2016-11-08 10:08:04.232+0000 INFO  [o.n.k.i.DiagnosticsManager] C:\Windows\System32\WindowsPowerShell\v1.0
2016-11-08 10:08:04.233+0000 INFO  [o.n.k.i.DiagnosticsManager] C:\Program Files (x86)\Skype\Phone
2016-11-08 10:08:04.234+0000 INFO  [o.n.k.i.DiagnosticsManager] C:\Program Files (x86)\QuickTime\QTSystem
2016-11-08 10:08:04.235+0000 INFO  [o.n.k.i.DiagnosticsManager] C:\Program Files (x86)\Windows Live\Shared
2016-11-08 10:08:04.237+0000 INFO  [o.n.k.i.DiagnosticsManager] C:\Program Files (x86)\GtkSharp\2.12\bin
2016-11-08 10:08:04.238+0000 INFO  [o.n.k.i.DiagnosticsManager] C:\Program Files (x86)\cURL\bin
2016-11-08 10:08:04.239+0000 INFO  [o.n.k.i.DiagnosticsManager] C:\Program Files\nodejs
2016-11-08 10:08:04.239+0000 INFO  [o.n.k.i.DiagnosticsManager] C:\Program Files\Java\jdk1.8.0_112\bin
2016-11-08 10:08:04.240+0000 INFO  [o.n.k.i.DiagnosticsManager] D:\apache-maven-3.3.9-bin\apache-maven-3.3.9\bin
2016-11-08 10:08:04.241+0000 INFO  [o.n.k.i.DiagnosticsManager] C:\Users\santo\AppData\Local\Microsoft\WindowsApps
2016-11-08 10:08:04.244+0000 INFO  [o.n.k.i.DiagnosticsManager] C:\Users\santo\AppData\Roaming\npm
2016-11-08 10:08:04.245+0000 INFO  [o.n.k.i.DiagnosticsManager] C:\Users\santo\node_modules\.bin
2016-11-08 10:08:04.247+0000 INFO  [o.n.k.i.DiagnosticsManager] D:\orientdb\orientdb-community-2.2.12\bin
2016-11-08 10:08:04.247+0000 INFO  [o.n.k.i.DiagnosticsManager] System.properties:
2016-11-08 10:08:04.247+0000 INFO  [o.n.k.i.DiagnosticsManager] sun.boot.library.path = C:\Program Files\Java\jdk1.8.0_112\jre\bin
2016-11-08 10:08:04.248+0000 INFO  [o.n.k.i.DiagnosticsManager] path.separator = ;
2016-11-08 10:08:04.248+0000 INFO  [o.n.k.i.DiagnosticsManager] file.encoding.pkg = sun.io
2016-11-08 10:08:04.248+0000 INFO  [o.n.k.i.DiagnosticsManager] user.country = IT
2016-11-08 10:08:04.248+0000 INFO  [o.n.k.i.DiagnosticsManager] user.script = 
2016-11-08 10:08:04.248+0000 INFO  [o.n.k.i.DiagnosticsManager] sun.java.launcher = SUN_STANDARD
2016-11-08 10:08:04.248+0000 INFO  [o.n.k.i.DiagnosticsManager] sun.os.patch.level = 
2016-11-08 10:08:04.248+0000 INFO  [o.n.k.i.DiagnosticsManager] user.dir = D:\orientdb\orientdb-community-2.2.12\bin
2016-11-08 10:08:04.248+0000 INFO  [o.n.k.i.DiagnosticsManager] user.variant = 
2016-11-08 10:08:04.248+0000 INFO  [o.n.k.i.DiagnosticsManager] sun.jnu.encoding = Cp1252
2016-11-08 10:08:04.248+0000 INFO  [o.n.k.i.DiagnosticsManager] sun.management.compiler = HotSpot 64-Bit Tiered Compilers
2016-11-08 10:08:04.248+0000 INFO  [o.n.k.i.DiagnosticsManager] user.home = C:\Users\santo
2016-11-08 10:08:04.248+0000 INFO  [o.n.k.i.DiagnosticsManager] user.timezone = Europe/Berlin
2016-11-08 10:08:04.249+0000 INFO  [o.n.k.i.DiagnosticsManager] file.encoding = Cp1252
2016-11-08 10:08:04.249+0000 INFO  [o.n.k.i.DiagnosticsManager] user.name = santo
2016-11-08 10:08:04.249+0000 INFO  [o.n.k.i.DiagnosticsManager] sun.java.command = com.orientechnologies.orient.neo4jimporter.ONeo4jImporter -neo4jlibdir D:\neo4j\neo4j-community-3.0.6\lib -neo4jdbdir C:\Users\santo\Documents\GitHub\orientdb-neo4j-importer\neo4jdbs\databases\graphdb_empty_db -odbdir D:\orientdb\orientdb-community-2.2.12\databases\graphdb_empty_db
2016-11-08 10:08:04.249+0000 INFO  [o.n.k.i.DiagnosticsManager] sun.arch.data.model = 64
2016-11-08 10:08:04.249+0000 INFO  [o.n.k.i.DiagnosticsManager] user.language = it
2016-11-08 10:08:04.249+0000 INFO  [o.n.k.i.DiagnosticsManager] awt.toolkit = sun.awt.windows.WToolkit
2016-11-08 10:08:04.249+0000 INFO  [o.n.k.i.DiagnosticsManager] sun.stderr.encoding = cp850
2016-11-08 10:08:04.249+0000 INFO  [o.n.k.i.DiagnosticsManager] file.separator = \
2016-11-08 10:08:04.249+0000 INFO  [o.n.k.i.DiagnosticsManager] sun.io.unicode.encoding = UnicodeLittle
2016-11-08 10:08:04.249+0000 INFO  [o.n.k.i.DiagnosticsManager] sun.cpu.endian = little
2016-11-08 10:08:04.250+0000 INFO  [o.n.k.i.DiagnosticsManager] sun.stdout.encoding = cp850
2016-11-08 10:08:04.250+0000 INFO  [o.n.k.i.DiagnosticsManager] sun.desktop = windows
2016-11-08 10:08:04.250+0000 INFO  [o.n.k.i.DiagnosticsManager] sun.cpu.isalist = amd64
2016-11-08 10:08:04.250+0000 INFO  [o.n.k.i.DiagnosticsManager] Network information:
2016-11-08 10:08:04.556+0000 INFO  [o.n.k.i.DiagnosticsManager] Interface Software Loopback Interface 1:
2016-11-08 10:08:04.557+0000 INFO  [o.n.k.i.DiagnosticsManager]     address: 127.0.0.1
2016-11-08 10:08:04.558+0000 INFO  [o.n.k.i.DiagnosticsManager]     address: 0:0:0:0:0:0:0:1
2016-11-08 10:08:04.558+0000 INFO  [o.n.k.i.DiagnosticsManager] Interface Microsoft Kernel Debug Network Adapter:
2016-11-08 10:08:04.558+0000 INFO  [o.n.k.i.DiagnosticsManager] Interface WAN Miniport (PPPOE):
2016-11-08 10:08:04.560+0000 INFO  [o.n.k.i.DiagnosticsManager] Interface Microsoft Teredo Tunneling Adapter:
2016-11-08 10:08:04.561+0000 INFO  [o.n.k.i.DiagnosticsManager]     address: fe80:0:0:0:0:100:7f:fffe%net0
2016-11-08 10:08:04.561+0000 INFO  [o.n.k.i.DiagnosticsManager] Interface Realtek RTL8723BE Wireless LAN 802.11n PCI-E NIC:
2016-11-08 10:08:04.561+0000 INFO  [o.n.k.i.DiagnosticsManager]     address: 172.16.254.14
2016-11-08 10:08:04.561+0000 INFO  [o.n.k.i.DiagnosticsManager]     address: fe80:0:0:0:d58b:31b5:7c5d:110c%wlan0
2016-11-08 10:08:04.562+0000 INFO  [o.n.k.i.DiagnosticsManager] Interface Realtek PCIe FE Family Controller:
2016-11-08 10:08:04.562+0000 INFO  [o.n.k.i.DiagnosticsManager]     address: fe80:0:0:0:340a:eb03:853b:e018%eth1
2016-11-08 10:08:04.562+0000 INFO  [o.n.k.i.DiagnosticsManager] Interface VMware Virtual Ethernet Adapter for VMnet1:
2016-11-08 10:08:04.562+0000 INFO  [o.n.k.i.DiagnosticsManager]     address: 192.168.122.1
2016-11-08 10:08:04.562+0000 INFO  [o.n.k.i.DiagnosticsManager]     address: fe80:0:0:0:60b8:12b0:78ed:7ee1%eth2
2016-11-08 10:08:04.563+0000 INFO  [o.n.k.i.DiagnosticsManager] Interface WAN Miniport (IP):
2016-11-08 10:08:04.563+0000 INFO  [o.n.k.i.DiagnosticsManager] Interface WAN Miniport (IKEv2):
2016-11-08 10:08:04.563+0000 INFO  [o.n.k.i.DiagnosticsManager] Interface Microsoft ISATAP Adapter #2:
2016-11-08 10:08:04.563+0000 INFO  [o.n.k.i.DiagnosticsManager] Interface VirtualBox Host-Only Ethernet Adapter:
2016-11-08 10:08:04.563+0000 INFO  [o.n.k.i.DiagnosticsManager] Interface Microsoft Wi-Fi Direct Virtual Adapter:
2016-11-08 10:08:04.563+0000 INFO  [o.n.k.i.DiagnosticsManager]     address: fe80:0:0:0:ec7d:384e:4cc1:ace9%wlan1
2016-11-08 10:08:04.564+0000 INFO  [o.n.k.i.DiagnosticsManager] Interface Microsoft ISATAP Adapter:
2016-11-08 10:08:04.564+0000 INFO  [o.n.k.i.DiagnosticsManager]     address: fe80:0:0:0:0:5efe:ac10:fe0e%net3
2016-11-08 10:08:04.564+0000 INFO  [o.n.k.i.DiagnosticsManager] Interface WAN Miniport (IPv6):
2016-11-08 10:08:04.564+0000 INFO  [o.n.k.i.DiagnosticsManager] Interface WAN Miniport (Network Monitor):
2016-11-08 10:08:04.564+0000 INFO  [o.n.k.i.DiagnosticsManager] Interface WAN Miniport (SSTP):
2016-11-08 10:08:04.564+0000 INFO  [o.n.k.i.DiagnosticsManager] Interface WAN Miniport (PPTP):
2016-11-08 10:08:04.565+0000 INFO  [o.n.k.i.DiagnosticsManager] Interface Microsoft ISATAP Adapter #5:
2016-11-08 10:08:04.565+0000 INFO  [o.n.k.i.DiagnosticsManager]     address: fe80:0:0:0:0:5efe:c0a8:8c01%net6
2016-11-08 10:08:04.566+0000 INFO  [o.n.k.i.DiagnosticsManager] Interface VMware Virtual Ethernet Adapter for VMnet8:
2016-11-08 10:08:04.566+0000 INFO  [o.n.k.i.DiagnosticsManager]     address: 192.168.140.1
2016-11-08 10:08:04.566+0000 INFO  [o.n.k.i.DiagnosticsManager]     address: fe80:0:0:0:3cc4:35e0:7d55:5b96%eth7
2016-11-08 10:08:04.567+0000 INFO  [o.n.k.i.DiagnosticsManager] Interface WAN Miniport (L2TP):
2016-11-08 10:08:04.567+0000 INFO  [o.n.k.i.DiagnosticsManager] Interface Microsoft ISATAP Adapter #4:
2016-11-08 10:08:04.567+0000 INFO  [o.n.k.i.DiagnosticsManager]     address: fe80:0:0:0:0:5efe:c0a8:7a01%net8
2016-11-08 10:08:04.567+0000 INFO  [o.n.k.i.DiagnosticsManager] Interface Realtek PCIe FE Family Controller-WFP Native MAC Layer LightWeight Filter-0000:
2016-11-08 10:08:04.567+0000 INFO  [o.n.k.i.DiagnosticsManager] Interface Realtek PCIe FE Family Controller-VirtualBox NDIS Light-Weight Filter-0000:
2016-11-08 10:08:04.568+0000 INFO  [o.n.k.i.DiagnosticsManager] Interface Realtek PCIe FE Family Controller-QoS Packet Scheduler-0000:
2016-11-08 10:08:04.568+0000 INFO  [o.n.k.i.DiagnosticsManager] Interface Realtek PCIe FE Family Controller-WFP 802.3 MAC Layer LightWeight Filter-0000:
2016-11-08 10:08:04.568+0000 INFO  [o.n.k.i.DiagnosticsManager] Interface Realtek RTL8723BE Wireless LAN 802.11n PCI-E NIC-WFP Native MAC Layer LightWeight Filter-0000:
2016-11-08 10:08:04.568+0000 INFO  [o.n.k.i.DiagnosticsManager] Interface Realtek RTL8723BE Wireless LAN 802.11n PCI-E NIC-Virtual WiFi Filter Driver-0000:
2016-11-08 10:08:04.569+0000 INFO  [o.n.k.i.DiagnosticsManager] Interface Realtek RTL8723BE Wireless LAN 802.11n PCI-E NIC-Native WiFi Filter Driver-0000:
2016-11-08 10:08:04.569+0000 INFO  [o.n.k.i.DiagnosticsManager] Interface Realtek RTL8723BE Wireless LAN 802.11n PCI-E NIC-VirtualBox NDIS Light-Weight Filter-0000:
2016-11-08 10:08:04.569+0000 INFO  [o.n.k.i.DiagnosticsManager] Interface Realtek RTL8723BE Wireless LAN 802.11n PCI-E NIC-QoS Packet Scheduler-0000:
2016-11-08 10:08:04.577+0000 INFO  [o.n.k.i.DiagnosticsManager] Interface Realtek RTL8723BE Wireless LAN 802.11n PCI-E NIC-WFP 802.3 MAC Layer LightWeight Filter-0000:
2016-11-08 10:08:04.578+0000 INFO  [o.n.k.i.DiagnosticsManager] Interface Microsoft Wi-Fi Direct Virtual Adapter-WFP Native MAC Layer LightWeight Filter-0000:
2016-11-08 10:08:04.578+0000 INFO  [o.n.k.i.DiagnosticsManager] Interface Microsoft Wi-Fi Direct Virtual Adapter-Native WiFi Filter Driver-0000:
2016-11-08 10:08:04.578+0000 INFO  [o.n.k.i.DiagnosticsManager] Interface Microsoft Wi-Fi Direct Virtual Adapter-VirtualBox NDIS Light-Weight Filter-0000:
2016-11-08 10:08:04.578+0000 INFO  [o.n.k.i.DiagnosticsManager] Interface Microsoft Wi-Fi Direct Virtual Adapter-QoS Packet Scheduler-0000:
2016-11-08 10:08:04.579+0000 INFO  [o.n.k.i.DiagnosticsManager] Interface Microsoft Wi-Fi Direct Virtual Adapter-WFP 802.3 MAC Layer LightWeight Filter-0000:
2016-11-08 10:08:04.579+0000 INFO  [o.n.k.i.DiagnosticsManager] Interface WAN Miniport (IP)-WFP Native MAC Layer LightWeight Filter-0000:
2016-11-08 10:08:04.579+0000 INFO  [o.n.k.i.DiagnosticsManager] Interface WAN Miniport (IP)-QoS Packet Scheduler-0000:
2016-11-08 10:08:04.580+0000 INFO  [o.n.k.i.DiagnosticsManager] Interface WAN Miniport (IPv6)-WFP Native MAC Layer LightWeight Filter-0000:
2016-11-08 10:08:04.580+0000 INFO  [o.n.k.i.DiagnosticsManager] Interface WAN Miniport (IPv6)-QoS Packet Scheduler-0000:
2016-11-08 10:08:04.580+0000 INFO  [o.n.k.i.DiagnosticsManager] Interface WAN Miniport (Network Monitor)-WFP Native MAC Layer LightWeight Filter-0000:
2016-11-08 10:08:04.580+0000 INFO  [o.n.k.i.DiagnosticsManager] Interface WAN Miniport (Network Monitor)-QoS Packet Scheduler-0000:
2016-11-08 10:08:04.581+0000 INFO  [o.n.k.i.DiagnosticsManager] --- INITIALIZED diagnostics END ---
2016-11-08 10:08:05.360+0000 INFO  [o.n.k.i.s.f.RecordFormatSelector] Selected RecordFormat:StandardV3_0[v0.A.7] record format from store C:\Users\santo\Documents\GitHub\orientdb-neo4j-importer\neo4jdbs\databases\graphdb_empty_db
2016-11-08 10:08:05.469+0000 INFO  [o.n.k.i.s.f.RecordFormatSelector] Format not configured. Selected format from the store: RecordFormat:StandardV3_0[v0.A.7]
2016-11-08 10:08:08.134+0000 INFO  [o.n.k.i.DatabaseHealth] Database health set to OK
2016-11-08 10:08:08.962+0000 INFO  [o.n.k.AvailabilityGuard] Fulfilling of requirement makes database available: Database available
2016-11-08 10:08:08.975+0000 INFO  [o.n.k.i.f.CommunityFacadeFactory] Database is now ready
2016-11-08 10:08:08.989+0000 INFO  [o.n.k.i.DiagnosticsManager] --- STARTED diagnostics for KernelDiagnostics:Versions START ---
2016-11-08 10:08:09.000+0000 INFO  [o.n.k.i.DiagnosticsManager] Graph Database: community single StoreId{creationTime=1478598491385, randomId=1461018271251561782, storeVersion=15531981201765894, upgradeTime=1478598491385, upgradeId=1}
2016-11-08 10:08:09.011+0000 INFO  [o.n.k.i.DiagnosticsManager] Kernel version: 3.0.6,66df41d1018f54ccd67d7d384e87abae0468bcdb
2016-11-08 10:08:09.021+0000 INFO  [o.n.k.i.DiagnosticsManager] --- STARTED diagnostics for KernelDiagnostics:Versions END ---
2016-11-08 10:08:09.036+0000 INFO  [o.n.k.i.DiagnosticsManager] --- STARTED diagnostics for NEO_STORE_VERSIONS START ---
2016-11-08 10:08:09.047+0000 INFO  [o.n.k.i.DiagnosticsManager] Store versions:
2016-11-08 10:08:09.062+0000 INFO  [o.n.k.i.DiagnosticsManager] Store versions:
2016-11-08 10:08:09.072+0000 INFO  [o.n.k.i.DiagnosticsManager]   ArrayPropertyStore v0.A.7
2016-11-08 10:08:09.082+0000 INFO  [o.n.k.i.DiagnosticsManager]   NodeStore v0.A.7
2016-11-08 10:08:09.093+0000 INFO  [o.n.k.i.DiagnosticsManager]   StringPropertyStore v0.A.7
2016-11-08 10:08:09.105+0000 INFO  [o.n.k.i.DiagnosticsManager]   PropertyIndexStore v0.A.7
2016-11-08 10:08:09.114+0000 INFO  [o.n.k.i.DiagnosticsManager]   StringPropertyStore v0.A.7
2016-11-08 10:08:09.125+0000 INFO  [o.n.k.i.DiagnosticsManager]   ArrayPropertyStore v0.A.7
2016-11-08 10:08:09.135+0000 INFO  [o.n.k.i.DiagnosticsManager]   PropertyStore v0.A.7
2016-11-08 10:08:09.145+0000 INFO  [o.n.k.i.DiagnosticsManager]   RelationshipStore v0.A.7
2016-11-08 10:08:09.155+0000 INFO  [o.n.k.i.DiagnosticsManager]   StringPropertyStore v0.A.7
2016-11-08 10:08:09.163+0000 INFO  [o.n.k.i.DiagnosticsManager]   RelationshipTypeStore v0.A.7
2016-11-08 10:08:09.175+0000 INFO  [o.n.k.i.DiagnosticsManager]   StringPropertyStore v0.A.7
2016-11-08 10:08:09.184+0000 INFO  [o.n.k.i.DiagnosticsManager]   LabelTokenStore v0.A.7
2016-11-08 10:08:09.196+0000 INFO  [o.n.k.i.DiagnosticsManager]   SchemaStore v0.A.7
2016-11-08 10:08:09.205+0000 INFO  [o.n.k.i.DiagnosticsManager]   RelationshipGroupStore v0.A.7
2016-11-08 10:08:09.213+0000 INFO  [o.n.k.i.DiagnosticsManager]   NeoStore v0.A.7
2016-11-08 10:08:09.222+0000 INFO  [o.n.k.i.DiagnosticsManager] --- STARTED diagnostics for NEO_STORE_VERSIONS END ---
2016-11-08 10:08:09.231+0000 INFO  [o.n.k.i.DiagnosticsManager] --- STARTED diagnostics for NEO_STORE_ID_USAGE START ---
2016-11-08 10:08:09.241+0000 INFO  [o.n.k.i.DiagnosticsManager] Id usage:
2016-11-08 10:08:09.250+0000 INFO  [o.n.k.i.DiagnosticsManager] Id usage:
2016-11-08 10:08:09.259+0000 INFO  [o.n.k.i.DiagnosticsManager]   ArrayPropertyStore: used=1 high=0
2016-11-08 10:08:09.269+0000 INFO  [o.n.k.i.DiagnosticsManager]   NodeStore: used=0 high=-1
2016-11-08 10:08:09.278+0000 INFO  [o.n.k.i.DiagnosticsManager]   StringPropertyStore: used=1 high=0
2016-11-08 10:08:09.288+0000 INFO  [o.n.k.i.DiagnosticsManager]   PropertyIndexStore: used=0 high=-1
2016-11-08 10:08:09.298+0000 INFO  [o.n.k.i.DiagnosticsManager]   StringPropertyStore: used=1 high=0
2016-11-08 10:08:09.306+0000 INFO  [o.n.k.i.DiagnosticsManager]   ArrayPropertyStore: used=1 high=0
2016-11-08 10:08:09.315+0000 INFO  [o.n.k.i.DiagnosticsManager]   PropertyStore: used=0 high=-1
2016-11-08 10:08:09.325+0000 INFO  [o.n.k.i.DiagnosticsManager]   RelationshipStore: used=0 high=-1
2016-11-08 10:08:09.335+0000 INFO  [o.n.k.i.DiagnosticsManager]   StringPropertyStore: used=1 high=0
2016-11-08 10:08:09.344+0000 INFO  [o.n.k.i.DiagnosticsManager]   RelationshipTypeStore: used=0 high=-1
2016-11-08 10:08:09.354+0000 INFO  [o.n.k.i.DiagnosticsManager]   StringPropertyStore: used=1 high=0
2016-11-08 10:08:09.363+0000 INFO  [o.n.k.i.DiagnosticsManager]   LabelTokenStore: used=0 high=-1
2016-11-08 10:08:09.373+0000 INFO  [o.n.k.i.DiagnosticsManager]   SchemaStore: used=1 high=0
2016-11-08 10:08:09.383+0000 INFO  [o.n.k.i.DiagnosticsManager]   RelationshipGroupStore: used=1 high=0
2016-11-08 10:08:09.392+0000 INFO  [o.n.k.i.DiagnosticsManager]   NeoStore: used=15 high=14
2016-11-08 10:08:09.402+0000 INFO  [o.n.k.i.DiagnosticsManager] --- STARTED diagnostics for NEO_STORE_ID_USAGE END ---
2016-11-08 10:08:09.413+0000 INFO  [o.n.k.i.DiagnosticsManager] --- STARTED diagnostics for NEO_STORE_RECORDS START ---
2016-11-08 10:08:09.422+0000 INFO  [o.n.k.i.DiagnosticsManager] Neostore records:
2016-11-08 10:08:09.434+0000 INFO  [o.n.k.i.DiagnosticsManager] TIME (Creation time): 1478598491385
2016-11-08 10:08:09.444+0000 INFO  [o.n.k.i.DiagnosticsManager] RANDOM_NUMBER (Random number for store id): 1461018271251561782
2016-11-08 10:08:09.452+0000 INFO  [o.n.k.i.DiagnosticsManager] LOG_VERSION (Current log version): 0
2016-11-08 10:08:09.462+0000 INFO  [o.n.k.i.DiagnosticsManager] LAST_TRANSACTION_ID (Last committed transaction): 1
2016-11-08 10:08:09.470+0000 INFO  [o.n.k.i.DiagnosticsManager] STORE_VERSION (Store format version): 15531981201765894
2016-11-08 10:08:09.484+0000 INFO  [o.n.k.i.DiagnosticsManager] FIRST_GRAPH_PROPERTY (First property record containing graph properties): -1
2016-11-08 10:08:09.494+0000 INFO  [o.n.k.i.DiagnosticsManager] LAST_CONSTRAINT_TRANSACTION (Last committed transaction containing constraint changes): 0
2016-11-08 10:08:09.503+0000 INFO  [o.n.k.i.DiagnosticsManager] UPGRADE_TRANSACTION_ID (Transaction id most recent upgrade was performed at): 1
2016-11-08 10:08:09.512+0000 INFO  [o.n.k.i.DiagnosticsManager] UPGRADE_TIME (Time of last upgrade): 1478598491385
2016-11-08 10:08:09.520+0000 INFO  [o.n.k.i.DiagnosticsManager] LAST_TRANSACTION_CHECKSUM (Checksum of last committed transaction): 0
2016-11-08 10:08:09.532+0000 INFO  [o.n.k.i.DiagnosticsManager] UPGRADE_TRANSACTION_CHECKSUM (Checksum of transaction id the most recent upgrade was performed at): 0
2016-11-08 10:08:09.542+0000 INFO  [o.n.k.i.DiagnosticsManager] LAST_CLOSED_TRANSACTION_LOG_VERSION (Log version where the last transaction commit entry has been written into): 0
2016-11-08 10:08:09.552+0000 INFO  [o.n.k.i.DiagnosticsManager] LAST_CLOSED_TRANSACTION_LOG_BYTE_OFFSET (Byte offset in the log file where the last transaction commit entry has been written into): 16
2016-11-08 10:08:09.561+0000 INFO  [o.n.k.i.DiagnosticsManager] LAST_TRANSACTION_COMMIT_TIMESTAMP (Commit time timestamp for last committed transaction): 0
2016-11-08 10:08:09.571+0000 INFO  [o.n.k.i.DiagnosticsManager] UPGRADE_TRANSACTION_COMMIT_TIMESTAMP (Commit timestamp of transaction the most recent upgrade was performed at): 0
2016-11-08 10:08:09.580+0000 INFO  [o.n.k.i.DiagnosticsManager] --- STARTED diagnostics for NEO_STORE_RECORDS END ---
2016-11-08 10:08:09.592+0000 INFO  [o.n.k.i.DiagnosticsManager] --- STARTED diagnostics for TRANSACTION_RANGE START ---
2016-11-08 10:08:09.600+0000 INFO  [o.n.k.i.DiagnosticsManager] Transaction log:
2016-11-08 10:08:09.616+0000 INFO  [o.n.k.i.DiagnosticsManager] Oldest transaction 2 found in log with version 0
2016-11-08 10:08:09.626+0000 INFO  [o.n.k.i.DiagnosticsManager] --- STARTED diagnostics for TRANSACTION_RANGE END ---
2016-11-08 10:08:09.635+0000 INFO  [o.n.k.i.DiagnosticsManager] --- STARTED diagnostics for KernelDiagnostics:StoreFiles START ---
2016-11-08 10:08:09.650+0000 INFO  [o.n.k.i.DiagnosticsManager] Disk space on partition (Total / Free / Free %): 199230484480 / 53396426752 / 26
Storage files: (filename : modification date - size)
2016-11-08 10:08:09.663+0000 INFO  [o.n.k.i.DiagnosticsManager]   index:
2016-11-08 10:08:09.674+0000 INFO  [o.n.k.i.DiagnosticsManager]   - Total: 2016-11-08T10:48:12+0100 - 0,00 B
2016-11-08 10:08:09.683+0000 INFO  [o.n.k.i.DiagnosticsManager]   logs:
2016-11-08 10:08:09.693+0000 INFO  [o.n.k.i.DiagnosticsManager]     debug.log: 2016-11-08T11:08:03+0100 - 50,36 kB
2016-11-08 10:08:09.703+0000 INFO  [o.n.k.i.DiagnosticsManager]   - Total: 2016-11-08T11:08:03+0100 - 50,36 kB
2016-11-08 10:08:09.714+0000 INFO  [o.n.k.i.DiagnosticsManager]   neostore: 2016-11-08T10:48:11+0100 - 8,00 kB
2016-11-08 10:08:09.725+0000 INFO  [o.n.k.i.DiagnosticsManager]   neostore.counts.db.a: 2016-11-08T10:48:13+0100 - 96,00 B
2016-11-08 10:08:09.735+0000 INFO  [o.n.k.i.DiagnosticsManager]   neostore.id: 2016-11-08T11:08:06+0100 - 9,00 B
2016-11-08 10:08:09.746+0000 INFO  [o.n.k.i.DiagnosticsManager]   neostore.labeltokenstore.db: 2016-11-08T10:48:10+0100 - 0,00 B
2016-11-08 10:08:09.758+0000 INFO  [o.n.k.i.DiagnosticsManager]   neostore.labeltokenstore.db.id: 2016-11-08T11:08:06+0100 - 9,00 B
2016-11-08 10:08:09.768+0000 INFO  [o.n.k.i.DiagnosticsManager]   neostore.labeltokenstore.db.names: 2016-11-08T10:48:10+0100 - 8,00 kB
2016-11-08 10:08:09.780+0000 INFO  [o.n.k.i.DiagnosticsManager]   neostore.labeltokenstore.db.names.id: 2016-11-08T11:08:06+0100 - 9,00 B
2016-11-08 10:08:09.789+0000 INFO  [o.n.k.i.DiagnosticsManager]   neostore.nodestore.db: 2016-11-08T10:48:09+0100 - 0,00 B
2016-11-08 10:08:09.805+0000 INFO  [o.n.k.i.DiagnosticsManager]   neostore.nodestore.db.id: 2016-11-08T11:08:05+0100 - 9,00 B
2016-11-08 10:08:09.815+0000 INFO  [o.n.k.i.DiagnosticsManager]   neostore.nodestore.db.labels: 2016-11-08T10:48:08+0100 - 8,00 kB
2016-11-08 10:08:09.827+0000 INFO  [o.n.k.i.DiagnosticsManager]   neostore.nodestore.db.labels.id: 2016-11-08T11:08:05+0100 - 9,00 B
2016-11-08 10:08:09.836+0000 INFO  [o.n.k.i.DiagnosticsManager]   neostore.propertystore.db: 2016-11-08T10:48:09+0100 - 0,00 B
2016-11-08 10:08:09.847+0000 INFO  [o.n.k.i.DiagnosticsManager]   neostore.propertystore.db.arrays: 2016-11-08T10:48:09+0100 - 8,00 kB
2016-11-08 10:08:09.859+0000 INFO  [o.n.k.i.DiagnosticsManager]   neostore.propertystore.db.arrays.id: 2016-11-08T11:08:05+0100 - 9,00 B
2016-11-08 10:08:09.870+0000 INFO  [o.n.k.i.DiagnosticsManager]   neostore.propertystore.db.id: 2016-11-08T11:08:05+0100 - 9,00 B
2016-11-08 10:08:09.879+0000 INFO  [o.n.k.i.DiagnosticsManager]   neostore.propertystore.db.index: 2016-11-08T10:48:09+0100 - 0,00 B
2016-11-08 10:08:09.891+0000 INFO  [o.n.k.i.DiagnosticsManager]   neostore.propertystore.db.index.id: 2016-11-08T11:08:05+0100 - 9,00 B
2016-11-08 10:08:09.901+0000 INFO  [o.n.k.i.DiagnosticsManager]   neostore.propertystore.db.index.keys: 2016-11-08T10:48:09+0100 - 8,00 kB
2016-11-08 10:08:09.912+0000 INFO  [o.n.k.i.DiagnosticsManager]   neostore.propertystore.db.index.keys.id: 2016-11-08T11:08:05+0100 - 9,00 B
2016-11-08 10:08:09.922+0000 INFO  [o.n.k.i.DiagnosticsManager]   neostore.propertystore.db.strings: 2016-11-08T10:48:09+0100 - 8,00 kB
2016-11-08 10:08:09.933+0000 INFO  [o.n.k.i.DiagnosticsManager]   neostore.propertystore.db.strings.id: 2016-11-08T11:08:05+0100 - 9,00 B
2016-11-08 10:08:09.944+0000 INFO  [o.n.k.i.DiagnosticsManager]   neostore.relationshipgroupstore.db: 2016-11-08T10:48:11+0100 - 8,00 kB
2016-11-08 10:08:09.957+0000 INFO  [o.n.k.i.DiagnosticsManager]   neostore.relationshipgroupstore.db.id: 2016-11-08T11:08:06+0100 - 9,00 B
2016-11-08 10:08:09.967+0000 INFO  [o.n.k.i.DiagnosticsManager]   neostore.relationshipstore.db: 2016-11-08T10:48:10+0100 - 0,00 B
2016-11-08 10:08:09.979+0000 INFO  [o.n.k.i.DiagnosticsManager]   neostore.relationshipstore.db.id: 2016-11-08T11:08:06+0100 - 9,00 B
2016-11-08 10:08:09.990+0000 INFO  [o.n.k.i.DiagnosticsManager]   neostore.relationshiptypestore.db: 2016-11-08T10:48:10+0100 - 0,00 B
2016-11-08 10:08:10.001+0000 INFO  [o.n.k.i.DiagnosticsManager]   neostore.relationshiptypestore.db.id: 2016-11-08T11:08:06+0100 - 9,00 B
2016-11-08 10:08:10.011+0000 INFO  [o.n.k.i.DiagnosticsManager]   neostore.relationshiptypestore.db.names: 2016-11-08T10:48:10+0100 - 8,00 kB
2016-11-08 10:08:10.022+0000 INFO  [o.n.k.i.DiagnosticsManager]   neostore.relationshiptypestore.db.names.id: 2016-11-08T11:08:06+0100 - 9,00 B
2016-11-08 10:08:10.031+0000 INFO  [o.n.k.i.DiagnosticsManager]   neostore.schemastore.db: 2016-11-08T10:48:10+0100 - 8,00 kB
2016-11-08 10:08:10.042+0000 INFO  [o.n.k.i.DiagnosticsManager]   neostore.schemastore.db.id: 2016-11-08T11:08:06+0100 - 9,00 B
2016-11-08 10:08:10.053+0000 INFO  [o.n.k.i.DiagnosticsManager]   neostore.transaction.db.0: 2016-11-08T10:51:23+0100 - 34,00 B
2016-11-08 10:08:10.063+0000 INFO  [o.n.k.i.DiagnosticsManager]   schema:
2016-11-08 10:08:10.073+0000 INFO  [o.n.k.i.DiagnosticsManager]     label:
2016-11-08 10:08:10.083+0000 INFO  [o.n.k.i.DiagnosticsManager]       lucene:
2016-11-08 10:08:10.094+0000 INFO  [o.n.k.i.DiagnosticsManager]         labelStore:
2016-11-08 10:08:10.106+0000 INFO  [o.n.k.i.DiagnosticsManager]           1:
2016-11-08 10:08:10.116+0000 INFO  [o.n.k.i.DiagnosticsManager]             segments_1: 2016-11-08T10:51:23+0100 - 71,00 B
2016-11-08 10:08:10.126+0000 INFO  [o.n.k.i.DiagnosticsManager]             write.lock: 2016-11-08T10:48:12+0100 - 0,00 B
2016-11-08 10:08:10.136+0000 INFO  [o.n.k.i.DiagnosticsManager]           - Total: 2016-11-08T10:51:23+0100 - 71,00 B
2016-11-08 10:08:10.146+0000 INFO  [o.n.k.i.DiagnosticsManager]           failure-message: 2016-11-08T10:48:12+0100 - 16,00 kB
2016-11-08 10:08:10.155+0000 INFO  [o.n.k.i.DiagnosticsManager]         - Total: 2016-11-08T10:48:12+0100 - 16,07 kB
2016-11-08 10:08:10.164+0000 INFO  [o.n.k.i.DiagnosticsManager]       - Total: 2016-11-08T10:48:12+0100 - 16,07 kB
2016-11-08 10:08:10.175+0000 INFO  [o.n.k.i.DiagnosticsManager]     - Total: 2016-11-08T10:48:12+0100 - 16,07 kB
2016-11-08 10:08:10.184+0000 INFO  [o.n.k.i.DiagnosticsManager]   - Total: 2016-11-08T10:48:12+0100 - 16,07 kB
2016-11-08 10:08:10.195+0000 INFO  [o.n.k.i.DiagnosticsManager]   store_lock: 2016-11-08T10:48:07+0100 - 0,00 B
2016-11-08 10:08:10.204+0000 INFO  [o.n.k.i.DiagnosticsManager] --- STARTED diagnostics for KernelDiagnostics:StoreFiles END ---
2016-11-08 10:08:17.470+0000 WARN  [o.n.k.i.c.MonitorGc] GC Monitor: Application threads blocked for 2681ms.
2016-11-08 10:08:25.456+0000 WARN  [o.n.k.i.c.MonitorGc] GC Monitor: Application threads blocked for 355ms.
2016-11-08 10:09:05.162+0000 INFO  [o.n.k.i.f.CommunityFacadeFactory] Shutdown started
2016-11-08 10:09:05.205+0000 INFO  [o.n.k.i.f.CommunityFacadeFactory] Database is now unavailable
2016-11-08 10:09:05.300+0000 INFO  [o.n.k.i.t.l.c.CheckPointerImpl] Check Pointing triggered by database shutdown [1]:  Starting check pointing...
2016-11-08 10:09:05.309+0000 INFO  [o.n.k.i.t.l.c.CheckPointerImpl] Check Pointing triggered by database shutdown [1]:  Starting store flush...
2016-11-08 10:09:05.697+0000 INFO  [o.n.k.i.t.l.c.CheckPointerImpl] Check Pointing triggered by database shutdown [1]:  Store flush completed
2016-11-08 10:09:05.706+0000 INFO  [o.n.k.i.t.l.c.CheckPointerImpl] Check Pointing triggered by database shutdown [1]:  Starting appending check point entry into the tx log...
2016-11-08 10:09:05.826+0000 INFO  [o.n.k.i.t.l.c.CheckPointerImpl] Check Pointing triggered by database shutdown [1]:  Appending check point entry into the tx log completed
2016-11-08 10:09:05.835+0000 INFO  [o.n.k.i.t.l.c.CheckPointerImpl] Check Pointing triggered by database shutdown [1]:  Check pointing completed
2016-11-08 10:09:05.845+0000 INFO  [o.n.k.i.t.l.p.LogPruningImpl] Log Rotation [0]:  Starting log pruning.
2016-11-08 10:09:05.854+0000 INFO  [o.n.k.i.t.l.p.LogPruningImpl] Log Rotation [0]:  Log pruning complete.
2016-11-08 10:09:09.290+0000 INFO  [o.n.k.i.DiagnosticsManager] --- STOPPING diagnostics START ---
2016-11-08 10:09:09.290+0000 INFO  [o.n.k.i.DiagnosticsManager] --- STOPPING diagnostics END ---
